<?xml version="1.0" encoding="UTF-8"?>
<testng-results ignored="0" total="1" passed="1" failed="0" skipped="0">
  <reporter-output>
  </reporter-output>
  <suite started-at="2023-10-19T09:10:15Z" name="Default suite" finished-at="2023-10-19T09:10:53Z" duration-ms="37686">
    <groups>
    </groups>
    <test started-at="2023-10-19T09:10:15Z" name="Default test" finished-at="2023-10-19T09:10:53Z" duration-ms="37686">
      <class name="com.chargemiles.testcases.LoginTest">
        <test-method is-config="true" signature="setUpSuit()[pri:0, instance:com.chargemiles.testcases.LoginTest@70ed52de]" started-at="2023-10-19T14:40:15Z" name="setUpSuit" finished-at="2023-10-19T14:40:15Z" duration-ms="396" status="PASS">
          <reporter-output>
          </reporter-output>
        </test-method> <!-- setUpSuit -->
        <test-method is-config="true" signature="setup()[pri:0, instance:com.chargemiles.testcases.LoginTest@70ed52de]" started-at="2023-10-19T14:40:15Z" name="setup" finished-at="2023-10-19T14:40:20Z" duration-ms="4738" status="PASS">
          <reporter-output>
          </reporter-output>
        </test-method> <!-- setup -->
        <test-method signature="loginApp()[pri:0, instance:com.chargemiles.testcases.LoginTest@70ed52de]" started-at="2023-10-19T14:40:20Z" name="loginApp" finished-at="2023-10-19T14:40:53Z" duration-ms="32602" status="PASS">
          <reporter-output>
          </reporter-output>
        </test-method> <!-- loginApp -->
        <test-method is-config="true" signature="tearDownMethod(org.testng.ITestResult)[pri:0, instance:com.chargemiles.testcases.LoginTest@70ed52de]" started-at="2023-10-19T14:40:53Z" name="tearDownMethod" finished-at="2023-10-19T14:40:53Z" duration-ms="2" status="PASS">
          <params>
            <param index="0">
              <value>
                <![CDATA[[TestResult name=loginApp status=SUCCESS method=LoginTest.loginApp()[pri:0, instance:com.chargemiles.testcases.LoginTest@70ed52de] output={null}]]]>
              </value>
            </param>
          </params>
          <reporter-output>
          </reporter-output>
        </test-method> <!-- tearDownMethod -->
        <test-method is-config="true" signature="tearDown()[pri:0, instance:com.chargemiles.testcases.LoginTest@70ed52de]" started-at="2023-10-19T14:40:53Z" name="tearDown" finished-at="2023-10-19T14:40:53Z" duration-ms="328" status="PASS">
          <reporter-output>
          </reporter-output>
        </test-method> <!-- tearDown -->
      </class> <!-- com.chargemiles.testcases.LoginTest -->
    </test> <!-- Default test -->
  </suite> <!-- Default suite -->
</testng-results>
